<?xml version="1.0" encoding="UTF-8"?>
<!-- Generated by org.testng.reporters.JUnitReportReporter -->
<testsuite hostname="lin24009212" failures="0" tests="1" name="com.makemytrip.Login" time="3.521" errors="0" timestamp="2024-04-23T12:25:36 IST" skipped="0">
  <testcase classname="com.makemytrip.Login" name="Url" time="3.521"/>
  <system-out/>
</testsuite> <!-- com.makemytrip.Login -->
