<?xml version="1.0" encoding="UTF-8"?>
<!-- Generated by org.testng.reporters.JUnitReportReporter -->
<testsuite hostname="lin24009212" failures="0" tests="4" name="com.makemytrip.FlightBooking" time="11.835" errors="0" timestamp="2024-04-30T17:10:21 IST" skipped="0">
  <testcase classname="com.makemytrip.FlightBooking" name="urlNavigation" time="4.185"/>
  <system-out/>
  <testcase classname="com.makemytrip.FlightBooking" name="removePopups" time="2.923"/>
  <system-out/>
  <testcase classname="com.makemytrip.FlightBooking" name="flightsTab" time="2.875"/>
  <system-out/>
  <testcase classname="com.makemytrip.FlightBooking" name="selectTripType" time="1.852"/>
  <system-out/>
</testsuite> <!-- com.makemytrip.FlightBooking -->
