<?xml version="1.0" encoding="UTF-8"?>
<!-- Generated by org.testng.reporters.JUnitReportReporter -->
<testsuite hostname="lin24009212" failures="0" tests="3" name="com.makemytrip.Login" time="8.983" errors="0" timestamp="2024-04-24T15:50:00 IST" skipped="0">
  <testcase classname="com.makemytrip.Login" name="invalid" time="2.439"/>
  <system-out/>
  <testcase classname="com.makemytrip.Login" name="invalidTitle" time="2.629"/>
  <system-out/>
  <testcase classname="com.makemytrip.Login" name="Url" time="3.915"/>
  <system-out/>
</testsuite> <!-- com.makemytrip.Login -->
